{"C:\\Users\\treso\\Documents\\proj_int\\projet-Integration\\app\\App.js": {"path":"C:\\Users\\treso\\Documents\\proj_int\\projet-Integration\\app\\App.js","statementMap":{"0":{"start":{"line":5,"column":12},"end":{"line":8,"column":1}},"1":{"start":{"line":7,"column":3},"end":{"line":7,"column":10}}},"fnMap":{"0":{"name":"(anonymous_0)","decl":{"start":{"line":5,"column":12},"end":{"line":5,"column":13}},"loc":{"start":{"line":7,"column":3},"end":{"line":7,"column":10}},"line":7}},"branchMap":{},"s":{"0":0,"1":0},"f":{"0":0},"b":{}}
,"C:\\Users\\treso\\Documents\\proj_int\\projet-Integration\\app\\File_link.js": {"path":"C:\\Users\\treso\\Documents\\proj_int\\projet-Integration\\app\\File_link.js","statementMap":{"0":{"start":{"line":14,"column":14},"end":{"line":14,"column":36}},"1":{"start":{"line":18,"column":4},"end":{"line":30,"column":5}}},"fnMap":{"0":{"name":"(anonymous_0)","decl":{"start":{"line":16,"column":0},"end":{"line":16,"column":1}},"loc":{"start":{"line":16,"column":9},"end":{"line":31,"column":1}},"line":16}},"branchMap":{},"s":{"0":0,"1":0},"f":{"0":0},"b":{}}
,"C:\\Users\\treso\\Documents\\proj_int\\projet-Integration\\app\\Catalogue\\ListeDem.js": {"path":"C:\\Users\\treso\\Documents\\proj_int\\projet-Integration\\app\\Catalogue\\ListeDem.js","statementMap":{"0":{"start":{"line":8,"column":4},"end":{"line":12,"column":6}}},"fnMap":{"0":{"name":"(anonymous_0)","decl":{"start":{"line":7,"column":2},"end":{"line":7,"column":3}},"loc":{"start":{"line":7,"column":10},"end":{"line":13,"column":3}},"line":7}},"branchMap":{},"s":{"0":0},"f":{"0":0},"b":{}}
,"C:\\Users\\treso\\Documents\\proj_int\\projet-Integration\\app\\Catalogue\\catalogueOffre.js": {"path":"C:\\Users\\treso\\Documents\\proj_int\\projet-Integration\\app\\Catalogue\\catalogueOffre.js","statementMap":{"0":{"start":{"line":6,"column":12},"end":{"line":11,"column":8}},"1":{"start":{"line":13,"column":8},"end":{"line":15,"column":9}}},"fnMap":{"0":{"name":"(anonymous_0)","decl":{"start":{"line":12,"column":6},"end":{"line":12,"column":7}},"loc":{"start":{"line":12,"column":16},"end":{"line":16,"column":7}},"line":12}},"branchMap":{},"s":{"0":0,"1":0},"f":{"0":0},"b":{}}
,"C:\\Users\\treso\\Documents\\proj_int\\projet-Integration\\app\\EmailNotification\\App.js": {"path":"C:\\Users\\treso\\Documents\\proj_int\\projet-Integration\\app\\EmailNotification\\App.js","statementMap":{"0":{"start":{"line":4,"column":12},"end":{"line":40,"column":3}},"1":{"start":{"line":5,"column":47},"end":{"line":5,"column":62}},"2":{"start":{"line":6,"column":47},"end":{"line":6,"column":62}},"3":{"start":{"line":8,"column":2},"end":{"line":39,"column":6}},"4":{"start":{"line":42,"column":15},"end":{"line":94,"column":2}}},"fnMap":{"0":{"name":"(anonymous_0)","decl":{"start":{"line":4,"column":12},"end":{"line":4,"column":13}},"loc":{"start":{"line":4,"column":18},"end":{"line":40,"column":3}},"line":4},"1":{"name":"(anonymous_1)","decl":{"start":{"line":33,"column":63},"end":{"line":33,"column":64}},"loc":{"start":{"line":33,"column":69},"end":{"line":33,"column":71}},"line":33}},"branchMap":{"0":{"loc":{"start":{"line":22,"column":32},"end":{"line":22,"column":63}},"type":"cond-expr","locations":[{"start":{"line":22,"column":50},"end":{"line":22,"column":55}},{"start":{"line":22,"column":58},"end":{"line":22,"column":63}}],"line":22},"1":{"loc":{"start":{"line":29,"column":40},"end":{"line":29,"column":71}},"type":"cond-expr","locations":[{"start":{"line":29,"column":58},"end":{"line":29,"column":63}},{"start":{"line":29,"column":66},"end":{"line":29,"column":71}}],"line":29},"2":{"loc":{"start":{"line":34,"column":41},"end":{"line":34,"column":152}},"type":"cond-expr","locations":[{"start":{"line":34,"column":78},"end":{"line":34,"column":125}},{"start":{"line":34,"column":128},"end":{"line":34,"column":152}}],"line":34},"3":{"loc":{"start":{"line":34,"column":41},"end":{"line":34,"column":75}},"type":"binary-expr","locations":[{"start":{"line":34,"column":41},"end":{"line":34,"column":56}},{"start":{"line":34,"column":60},"end":{"line":34,"column":75}}],"line":34}},"s":{"0":0,"1":0,"2":0,"3":0,"4":0},"f":{"0":0,"1":0},"b":{"0":[0,0],"1":[0,0],"2":[0,0],"3":[0,0]}}
,"C:\\Users\\treso\\Documents\\proj_int\\projet-Integration\\app\\Homescreen\\HomeScreen.js": {"path":"C:\\Users\\treso\\Documents\\proj_int\\projet-Integration\\app\\Homescreen\\HomeScreen.js","statementMap":{"0":{"start":{"line":10,"column":22},"end":{"line":12,"column":3}},"1":{"start":{"line":11,"column":4},"end":{"line":11,"column":49}},"2":{"start":{"line":13,"column":2},"end":{"line":56,"column":4}},"3":{"start":{"line":59,"column":15},"end":{"line":169,"column":2}}},"fnMap":{"0":{"name":"Mainscreen","decl":{"start":{"line":8,"column":9},"end":{"line":8,"column":19}},"loc":{"start":{"line":8,"column":27},"end":{"line":57,"column":1}},"line":8},"1":{"name":"(anonymous_1)","decl":{"start":{"line":10,"column":22},"end":{"line":10,"column":23}},"loc":{"start":{"line":10,"column":27},"end":{"line":12,"column":3}},"line":10}},"branchMap":{},"s":{"0":1,"1":0,"2":1,"3":1},"f":{"0":1,"1":0},"b":{},"_coverageSchema":"1a1c01bbd47fc00a2c39e90264f33305004495a9","hash":"cbe31e80aacc70e85ad4fe47b8a896e11bd6d4e7"}
,"C:\\Users\\treso\\Documents\\proj_int\\projet-Integration\\app\\Messenger\\Chat.js": {"path":"C:\\Users\\treso\\Documents\\proj_int\\projet-Integration\\app\\Messenger\\Chat.js","statementMap":{"0":{"start":{"line":13,"column":23},"end":{"line":21,"column":1}},"1":{"start":{"line":24,"column":0},"end":{"line":26,"column":1}},"2":{"start":{"line":25,"column":2},"end":{"line":25,"column":41}},"3":{"start":{"line":28,"column":11},"end":{"line":28,"column":31}},"4":{"start":{"line":29,"column":15},"end":{"line":29,"column":17}},"5":{"start":{"line":33,"column":26},"end":{"line":33,"column":40}},"6":{"start":{"line":34,"column":34},"end":{"line":34,"column":46}},"7":{"start":{"line":35,"column":36},"end":{"line":35,"column":51}},"8":{"start":{"line":37,"column":17},"end":{"line":44,"column":3}},"9":{"start":{"line":38,"column":22},"end":{"line":38,"column":49}},"10":{"start":{"line":39,"column":21},"end":{"line":39,"column":50}},"11":{"start":{"line":40,"column":22},"end":{"line":40,"column":24}},"12":{"start":{"line":41,"column":4},"end":{"line":41,"column":30}},"13":{"start":{"line":42,"column":4},"end":{"line":42,"column":29}},"14":{"start":{"line":43,"column":4},"end":{"line":43,"column":31}},"15":{"start":{"line":46,"column":17},"end":{"line":46,"column":39}},"16":{"start":{"line":48,"column":2},"end":{"line":125,"column":9}},"17":{"start":{"line":49,"column":4},"end":{"line":124,"column":9}},"18":{"start":{"line":52,"column":25},"end":{"line":52,"column":39}},"19":{"start":{"line":54,"column":8},"end":{"line":87,"column":9}},"20":{"start":{"line":55,"column":10},"end":{"line":55,"column":30}},"21":{"start":{"line":57,"column":33},"end":{"line":69,"column":11}},"22":{"start":{"line":70,"column":10},"end":{"line":78,"column":11}},"23":{"start":{"line":71,"column":12},"end":{"line":75,"column":17}},"24":{"start":{"line":72,"column":34},"end":{"line":72,"column":49}},"25":{"start":{"line":74,"column":16},"end":{"line":74,"column":34}},"26":{"start":{"line":77,"column":12},"end":{"line":77,"column":32}},"27":{"start":{"line":80,"column":10},"end":{"line":84,"column":11}},"28":{"start":{"line":81,"column":12},"end":{"line":81,"column":38}},"29":{"start":{"line":83,"column":12},"end":{"line":83,"column":32}},"30":{"start":{"line":90,"column":8},"end":{"line":90,"column":19}},"31":{"start":{"line":93,"column":8},"end":{"line":114,"column":9}},"32":{"start":{"line":94,"column":30},"end":{"line":111,"column":14}},"33":{"start":{"line":99,"column":40},"end":{"line":108,"column":78}},"34":{"start":{"line":101,"column":38},"end":{"line":101,"column":54}},"35":{"start":{"line":103,"column":34},"end":{"line":103,"column":44}},"36":{"start":{"line":106,"column":18},"end":{"line":106,"column":79}},"37":{"start":{"line":108,"column":32},"end":{"line":108,"column":77}},"38":{"start":{"line":109,"column":14},"end":{"line":109,"column":48}},"39":{"start":{"line":113,"column":10},"end":{"line":113,"column":29}},"40":{"start":{"line":115,"column":8},"end":{"line":119,"column":9}},"41":{"start":{"line":116,"column":10},"end":{"line":116,"column":37}},"42":{"start":{"line":116,"column":23},"end":{"line":116,"column":36}},"43":{"start":{"line":122,"column":8},"end":{"line":122,"column":40}},"44":{"start":{"line":123,"column":8},"end":{"line":123,"column":27}},"45":{"start":{"line":127,"column":25},"end":{"line":135,"column":3}},"46":{"start":{"line":130,"column":6},"end":{"line":132,"column":8}},"47":{"start":{"line":131,"column":8},"end":{"line":131,"column":53}},"48":{"start":{"line":139,"column":17},"end":{"line":139,"column":51}},"49":{"start":{"line":140,"column":4},"end":{"line":146,"column":5}},"50":{"start":{"line":142,"column":18},"end":{"line":142,"column":37}},"51":{"start":{"line":143,"column":19},"end":{"line":143,"column":40}},"52":{"start":{"line":144,"column":21},"end":{"line":144,"column":44}},"53":{"start":{"line":145,"column":6},"end":{"line":145,"column":37}},"54":{"start":{"line":150,"column":19},"end":{"line":152,"column":5}},"55":{"start":{"line":151,"column":6},"end":{"line":151,"column":57}},"56":{"start":{"line":153,"column":4},"end":{"line":153,"column":29}},"57":{"start":{"line":156,"column":2},"end":{"line":166,"column":4}},"58":{"start":{"line":169,"column":15},"end":{"line":189,"column":2}}},"fnMap":{"0":{"name":"Chat","decl":{"start":{"line":32,"column":24},"end":{"line":32,"column":28}},"loc":{"start":{"line":32,"column":48},"end":{"line":167,"column":1}},"line":32},"1":{"name":"(anonymous_1)","decl":{"start":{"line":37,"column":17},"end":{"line":37,"column":18}},"loc":{"start":{"line":37,"column":23},"end":{"line":44,"column":3}},"line":37},"2":{"name":"(anonymous_2)","decl":{"start":{"line":48,"column":12},"end":{"line":48,"column":13}},"loc":{"start":{"line":48,"column":18},"end":{"line":125,"column":3}},"line":48},"3":{"name":"(anonymous_3)","decl":{"start":{"line":52,"column":12},"end":{"line":52,"column":13}},"loc":{"start":{"line":52,"column":25},"end":{"line":52,"column":39}},"line":52},"4":{"name":"(anonymous_4)","decl":{"start":{"line":53,"column":12},"end":{"line":53,"column":13}},"loc":{"start":{"line":53,"column":22},"end":{"line":88,"column":7}},"line":53},"5":{"name":"(anonymous_5)","decl":{"start":{"line":72,"column":20},"end":{"line":72,"column":21}},"loc":{"start":{"line":72,"column":34},"end":{"line":72,"column":49}},"line":72},"6":{"name":"(anonymous_6)","decl":{"start":{"line":73,"column":20},"end":{"line":73,"column":21}},"loc":{"start":{"line":73,"column":30},"end":{"line":75,"column":15}},"line":73},"7":{"name":"(anonymous_7)","decl":{"start":{"line":89,"column":12},"end":{"line":89,"column":13}},"loc":{"start":{"line":89,"column":18},"end":{"line":120,"column":7}},"line":89},"8":{"name":"(anonymous_8)","decl":{"start":{"line":97,"column":24},"end":{"line":97,"column":25}},"loc":{"start":{"line":97,"column":43},"end":{"line":111,"column":13}},"line":97},"9":{"name":"(anonymous_9)","decl":{"start":{"line":101,"column":24},"end":{"line":101,"column":25}},"loc":{"start":{"line":101,"column":38},"end":{"line":101,"column":54}},"line":101},"10":{"name":"(anonymous_10)","decl":{"start":{"line":102,"column":21},"end":{"line":102,"column":22}},"loc":{"start":{"line":102,"column":34},"end":{"line":107,"column":17}},"line":102},"11":{"name":"(anonymous_11)","decl":{"start":{"line":108,"column":22},"end":{"line":108,"column":23}},"loc":{"start":{"line":108,"column":32},"end":{"line":108,"column":77}},"line":108},"12":{"name":"(anonymous_12)","decl":{"start":{"line":116,"column":17},"end":{"line":116,"column":18}},"loc":{"start":{"line":116,"column":23},"end":{"line":116,"column":36}},"line":116},"13":{"name":"(anonymous_13)","decl":{"start":{"line":121,"column":13},"end":{"line":121,"column":14}},"loc":{"start":{"line":121,"column":25},"end":{"line":124,"column":7}},"line":121},"14":{"name":"(anonymous_14)","decl":{"start":{"line":129,"column":4},"end":{"line":129,"column":5}},"loc":{"start":{"line":129,"column":18},"end":{"line":133,"column":5}},"line":129},"15":{"name":"(anonymous_15)","decl":{"start":{"line":130,"column":18},"end":{"line":130,"column":19}},"loc":{"start":{"line":131,"column":8},"end":{"line":131,"column":53}},"line":131},"16":{"name":"readUser","decl":{"start":{"line":137,"column":17},"end":{"line":137,"column":25}},"loc":{"start":{"line":137,"column":28},"end":{"line":147,"column":3}},"line":137},"17":{"name":"handleSend","decl":{"start":{"line":149,"column":17},"end":{"line":149,"column":27}},"loc":{"start":{"line":149,"column":38},"end":{"line":154,"column":3}},"line":149},"18":{"name":"(anonymous_18)","decl":{"start":{"line":150,"column":32},"end":{"line":150,"column":33}},"loc":{"start":{"line":151,"column":6},"end":{"line":151,"column":57}},"line":151}},"branchMap":{"0":{"loc":{"start":{"line":24,"column":0},"end":{"line":26,"column":1}},"type":"if","locations":[{"start":{"line":24,"column":0},"end":{"line":26,"column":1}},{"start":{"line":24,"column":0},"end":{"line":26,"column":1}}],"line":24},"1":{"loc":{"start":{"line":54,"column":8},"end":{"line":87,"column":9}},"type":"if","locations":[{"start":{"line":54,"column":8},"end":{"line":87,"column":9}},{"start":{"line":54,"column":8},"end":{"line":87,"column":9}}],"line":54},"2":{"loc":{"start":{"line":140,"column":4},"end":{"line":146,"column":5}},"type":"if","locations":[{"start":{"line":140,"column":4},"end":{"line":146,"column":5}},{"start":{"line":140,"column":4},"end":{"line":146,"column":5}}],"line":140},"3":{"loc":{"start":{"line":156,"column":9},"end":{"line":166,"column":3}},"type":"cond-expr","locations":[{"start":{"line":157,"column":4},"end":{"line":157,"column":63}},{"start":{"line":159,"column":4},"end":{"line":165,"column":6}}],"line":156}},"s":{"0":0,"1":0,"2":0,"3":0,"4":0,"5":0,"6":0,"7":0,"8":0,"9":0,"10":0,"11":0,"12":0,"13":0,"14":0,"15":0,"16":0,"17":0,"18":0,"19":0,"20":0,"21":0,"22":0,"23":0,"24":0,"25":0,"26":0,"27":0,"28":0,"29":0,"30":0,"31":0,"32":0,"33":0,"34":0,"35":0,"36":0,"37":0,"38":0,"39":0,"40":0,"41":0,"42":0,"43":0,"44":0,"45":0,"46":0,"47":0,"48":0,"49":0,"50":0,"51":0,"52":0,"53":0,"54":0,"55":0,"56":0,"57":0,"58":0},"f":{"0":0,"1":0,"2":0,"3":0,"4":0,"5":0,"6":0,"7":0,"8":0,"9":0,"10":0,"11":0,"12":0,"13":0,"14":0,"15":0,"16":0,"17":0,"18":0},"b":{"0":[0,0],"1":[0,0],"2":[0,0],"3":[0,0]}}
,"C:\\Users\\treso\\Documents\\proj_int\\projet-Integration\\app\\Messenger\\Discussionscreen.js": {"path":"C:\\Users\\treso\\Documents\\proj_int\\projet-Integration\\app\\Messenger\\Discussionscreen.js","statementMap":{"0":{"start":{"line":19,"column":13},"end":{"line":19,"column":16}},"1":{"start":{"line":22,"column":26},"end":{"line":22,"column":42}},"2":{"start":{"line":23,"column":33},"end":{"line":23,"column":46}},"3":{"start":{"line":24,"column":30},"end":{"line":24,"column":45}},"4":{"start":{"line":28,"column":2},"end":{"line":46,"column":15}},"5":{"start":{"line":31,"column":20},"end":{"line":31,"column":57}},"6":{"start":{"line":32,"column":6},"end":{"line":39,"column":7}},"7":{"start":{"line":33,"column":19},"end":{"line":33,"column":21}},"8":{"start":{"line":34,"column":8},"end":{"line":34,"column":68}},"9":{"start":{"line":36,"column":8},"end":{"line":36,"column":38}},"10":{"start":{"line":37,"column":8},"end":{"line":37,"column":28}},"11":{"start":{"line":38,"column":8},"end":{"line":38,"column":24}},"12":{"start":{"line":41,"column":15},"end":{"line":41,"column":49}},"13":{"start":{"line":42,"column":6},"end":{"line":42,"column":28}},"14":{"start":{"line":43,"column":5},"end":{"line":43,"column":16}},"15":{"start":{"line":45,"column":4},"end":{"line":45,"column":17}},"16":{"start":{"line":49,"column":4},"end":{"line":49,"column":23}},"17":{"start":{"line":50,"column":4},"end":{"line":50,"column":23}},"18":{"start":{"line":52,"column":14},"end":{"line":52,"column":16}},"19":{"start":{"line":53,"column":4},"end":{"line":65,"column":5}},"20":{"start":{"line":53,"column":17},"end":{"line":53,"column":18}},"21":{"start":{"line":54,"column":6},"end":{"line":64,"column":8}},"22":{"start":{"line":61,"column":23},"end":{"line":61,"column":106}},"23":{"start":{"line":66,"column":4},"end":{"line":84,"column":5}},"24":{"start":{"line":67,"column":6},"end":{"line":73,"column":8}},"25":{"start":{"line":74,"column":11},"end":{"line":84,"column":5}},"26":{"start":{"line":75,"column":6},"end":{"line":81,"column":8}},"27":{"start":{"line":82,"column":11},"end":{"line":84,"column":5}},"28":{"start":{"line":83,"column":6},"end":{"line":83,"column":32}},"29":{"start":{"line":87,"column":2},"end":{"line":145,"column":4}},"30":{"start":{"line":109,"column":12},"end":{"line":109,"column":28}},"31":{"start":{"line":121,"column":12},"end":{"line":121,"column":30}},"32":{"start":{"line":133,"column":12},"end":{"line":133,"column":32}},"33":{"start":{"line":148,"column":15},"end":{"line":255,"column":2}}},"fnMap":{"0":{"name":"Discussion_Repo","decl":{"start":{"line":21,"column":9},"end":{"line":21,"column":24}},"loc":{"start":{"line":21,"column":33},"end":{"line":146,"column":1}},"line":21},"1":{"name":"(anonymous_1)","decl":{"start":{"line":28,"column":12},"end":{"line":28,"column":13}},"loc":{"start":{"line":28,"column":18},"end":{"line":46,"column":3}},"line":28},"2":{"name":"getContact","decl":{"start":{"line":30,"column":19},"end":{"line":30,"column":29}},"loc":{"start":{"line":30,"column":32},"end":{"line":44,"column":5}},"line":30},"3":{"name":"renderScreen","decl":{"start":{"line":48,"column":11},"end":{"line":48,"column":23}},"loc":{"start":{"line":48,"column":26},"end":{"line":85,"column":3}},"line":48},"4":{"name":"(anonymous_4)","decl":{"start":{"line":61,"column":17},"end":{"line":61,"column":18}},"loc":{"start":{"line":61,"column":23},"end":{"line":61,"column":106}},"line":61},"5":{"name":"(anonymous_5)","decl":{"start":{"line":108,"column":19},"end":{"line":108,"column":20}},"loc":{"start":{"line":108,"column":25},"end":{"line":110,"column":11}},"line":108},"6":{"name":"(anonymous_6)","decl":{"start":{"line":120,"column":19},"end":{"line":120,"column":20}},"loc":{"start":{"line":120,"column":25},"end":{"line":122,"column":11}},"line":120},"7":{"name":"(anonymous_7)","decl":{"start":{"line":132,"column":19},"end":{"line":132,"column":20}},"loc":{"start":{"line":132,"column":25},"end":{"line":134,"column":11}},"line":132}},"branchMap":{"0":{"loc":{"start":{"line":32,"column":6},"end":{"line":39,"column":7}},"type":"if","locations":[{"start":{"line":32,"column":6},"end":{"line":39,"column":7}},{"start":{"line":32,"column":6},"end":{"line":39,"column":7}}],"line":32},"1":{"loc":{"start":{"line":66,"column":4},"end":{"line":84,"column":5}},"type":"if","locations":[{"start":{"line":66,"column":4},"end":{"line":84,"column":5}},{"start":{"line":66,"column":4},"end":{"line":84,"column":5}}],"line":66},"2":{"loc":{"start":{"line":74,"column":11},"end":{"line":84,"column":5}},"type":"if","locations":[{"start":{"line":74,"column":11},"end":{"line":84,"column":5}},{"start":{"line":74,"column":11},"end":{"line":84,"column":5}}],"line":74},"3":{"loc":{"start":{"line":82,"column":11},"end":{"line":84,"column":5}},"type":"if","locations":[{"start":{"line":82,"column":11},"end":{"line":84,"column":5}},{"start":{"line":82,"column":11},"end":{"line":84,"column":5}}],"line":82},"4":{"loc":{"start":{"line":90,"column":9},"end":{"line":90,"column":49}},"type":"cond-expr","locations":[{"start":{"line":90,"column":18},"end":{"line":90,"column":32}},{"start":{"line":90,"column":35},"end":{"line":90,"column":49}}],"line":90},"5":{"loc":{"start":{"line":94,"column":11},"end":{"line":102,"column":11}},"type":"cond-expr","locations":[{"start":{"line":95,"column":12},"end":{"line":99,"column":35}},{"start":{"line":101,"column":12},"end":{"line":101,"column":25}}],"line":94}},"s":{"0":0,"1":0,"2":0,"3":0,"4":0,"5":0,"6":0,"7":0,"8":0,"9":0,"10":0,"11":0,"12":0,"13":0,"14":0,"15":0,"16":0,"17":0,"18":0,"19":0,"20":0,"21":0,"22":0,"23":0,"24":0,"25":0,"26":0,"27":0,"28":0,"29":0,"30":0,"31":0,"32":0,"33":0},"f":{"0":0,"1":0,"2":0,"3":0,"4":0,"5":0,"6":0,"7":0},"b":{"0":[0,0],"1":[0,0],"2":[0,0],"3":[0,0],"4":[0,0],"5":[0,0]}}
,"C:\\Users\\treso\\Documents\\proj_int\\projet-Integration\\app\\Messenger\\addContact.js": {"path":"C:\\Users\\treso\\Documents\\proj_int\\projet-Integration\\app\\Messenger\\addContact.js","statementMap":{"0":{"start":{"line":14,"column":26},"end":{"line":14,"column":38}},"1":{"start":{"line":15,"column":28},"end":{"line":15,"column":40}},"2":{"start":{"line":16,"column":26},"end":{"line":16,"column":38}},"3":{"start":{"line":19,"column":4},"end":{"line":63,"column":5}},"4":{"start":{"line":20,"column":6},"end":{"line":20,"column":50}},"5":{"start":{"line":21,"column":11},"end":{"line":63,"column":5}},"6":{"start":{"line":22,"column":6},"end":{"line":22,"column":41}},"7":{"start":{"line":23,"column":11},"end":{"line":63,"column":5}},"8":{"start":{"line":24,"column":6},"end":{"line":24,"column":43}},"9":{"start":{"line":27,"column":8},"end":{"line":45,"column":9}},"10":{"start":{"line":28,"column":24},"end":{"line":28,"column":61}},"11":{"start":{"line":29,"column":23},"end":{"line":29,"column":40}},"12":{"start":{"line":30,"column":10},"end":{"line":42,"column":11}},"13":{"start":{"line":31,"column":12},"end":{"line":31,"column":30}},"14":{"start":{"line":32,"column":12},"end":{"line":32,"column":74}},"15":{"start":{"line":33,"column":12},"end":{"line":33,"column":40}},"16":{"start":{"line":35,"column":12},"end":{"line":41,"column":13}},"17":{"start":{"line":36,"column":14},"end":{"line":36,"column":51}},"18":{"start":{"line":38,"column":14},"end":{"line":38,"column":32}},"19":{"start":{"line":39,"column":14},"end":{"line":39,"column":76}},"20":{"start":{"line":40,"column":14},"end":{"line":40,"column":42}},"21":{"start":{"line":44,"column":10},"end":{"line":44,"column":25}},"22":{"start":{"line":48,"column":6},"end":{"line":62,"column":7}},"23":{"start":{"line":49,"column":8},"end":{"line":59,"column":13}},"24":{"start":{"line":50,"column":30},"end":{"line":50,"column":45}},"25":{"start":{"line":52,"column":12},"end":{"line":58,"column":13}},"26":{"start":{"line":54,"column":14},"end":{"line":54,"column":33}},"27":{"start":{"line":55,"column":14},"end":{"line":55,"column":31}},"28":{"start":{"line":57,"column":14},"end":{"line":57,"column":51}},"29":{"start":{"line":61,"column":8},"end":{"line":61,"column":29}},"30":{"start":{"line":66,"column":18},"end":{"line":68,"column":3}},"31":{"start":{"line":67,"column":4},"end":{"line":67,"column":32}},"32":{"start":{"line":69,"column":20},"end":{"line":71,"column":3}},"33":{"start":{"line":70,"column":4},"end":{"line":70,"column":33}},"34":{"start":{"line":72,"column":2},"end":{"line":113,"column":4}},"35":{"start":{"line":104,"column":29},"end":{"line":104,"column":73}},"36":{"start":{"line":108,"column":55},"end":{"line":108,"column":68}},"37":{"start":{"line":116,"column":15},"end":{"line":248,"column":2}}},"fnMap":{"0":{"name":"Addcontact","decl":{"start":{"line":13,"column":9},"end":{"line":13,"column":19}},"loc":{"start":{"line":13,"column":27},"end":{"line":114,"column":1}},"line":13},"1":{"name":"enregistrer","decl":{"start":{"line":18,"column":11},"end":{"line":18,"column":22}},"loc":{"start":{"line":18,"column":25},"end":{"line":64,"column":3}},"line":18},"2":{"name":"getContact","decl":{"start":{"line":26,"column":21},"end":{"line":26,"column":31}},"loc":{"start":{"line":26,"column":35},"end":{"line":46,"column":7}},"line":26},"3":{"name":"(anonymous_3)","decl":{"start":{"line":50,"column":16},"end":{"line":50,"column":17}},"loc":{"start":{"line":50,"column":30},"end":{"line":50,"column":45}},"line":50},"4":{"name":"(anonymous_4)","decl":{"start":{"line":51,"column":16},"end":{"line":51,"column":17}},"loc":{"start":{"line":51,"column":26},"end":{"line":59,"column":11}},"line":51},"5":{"name":"(anonymous_5)","decl":{"start":{"line":66,"column":18},"end":{"line":66,"column":19}},"loc":{"start":{"line":66,"column":29},"end":{"line":68,"column":3}},"line":66},"6":{"name":"(anonymous_6)","decl":{"start":{"line":69,"column":20},"end":{"line":69,"column":21}},"loc":{"start":{"line":69,"column":31},"end":{"line":71,"column":3}},"line":69},"7":{"name":"(anonymous_7)","decl":{"start":{"line":104,"column":23},"end":{"line":104,"column":24}},"loc":{"start":{"line":104,"column":29},"end":{"line":104,"column":73}},"line":104},"8":{"name":"(anonymous_8)","decl":{"start":{"line":108,"column":49},"end":{"line":108,"column":50}},"loc":{"start":{"line":108,"column":55},"end":{"line":108,"column":68}},"line":108}},"branchMap":{"0":{"loc":{"start":{"line":19,"column":4},"end":{"line":63,"column":5}},"type":"if","locations":[{"start":{"line":19,"column":4},"end":{"line":63,"column":5}},{"start":{"line":19,"column":4},"end":{"line":63,"column":5}}],"line":19},"1":{"loc":{"start":{"line":19,"column":8},"end":{"line":19,"column":33}},"type":"binary-expr","locations":[{"start":{"line":19,"column":8},"end":{"line":19,"column":18}},{"start":{"line":19,"column":22},"end":{"line":19,"column":33}}],"line":19},"2":{"loc":{"start":{"line":21,"column":11},"end":{"line":63,"column":5}},"type":"if","locations":[{"start":{"line":21,"column":11},"end":{"line":63,"column":5}},{"start":{"line":21,"column":11},"end":{"line":63,"column":5}}],"line":21},"3":{"loc":{"start":{"line":21,"column":15},"end":{"line":21,"column":40}},"type":"binary-expr","locations":[{"start":{"line":21,"column":15},"end":{"line":21,"column":25}},{"start":{"line":21,"column":29},"end":{"line":21,"column":40}}],"line":21},"4":{"loc":{"start":{"line":23,"column":11},"end":{"line":63,"column":5}},"type":"if","locations":[{"start":{"line":23,"column":11},"end":{"line":63,"column":5}},{"start":{"line":23,"column":11},"end":{"line":63,"column":5}}],"line":23},"5":{"loc":{"start":{"line":23,"column":15},"end":{"line":23,"column":40}},"type":"binary-expr","locations":[{"start":{"line":23,"column":15},"end":{"line":23,"column":25}},{"start":{"line":23,"column":29},"end":{"line":23,"column":40}}],"line":23},"6":{"loc":{"start":{"line":30,"column":10},"end":{"line":42,"column":11}},"type":"if","locations":[{"start":{"line":30,"column":10},"end":{"line":42,"column":11}},{"start":{"line":30,"column":10},"end":{"line":42,"column":11}}],"line":30},"7":{"loc":{"start":{"line":35,"column":12},"end":{"line":41,"column":13}},"type":"if","locations":[{"start":{"line":35,"column":12},"end":{"line":41,"column":13}},{"start":{"line":35,"column":12},"end":{"line":41,"column":13}}],"line":35},"8":{"loc":{"start":{"line":52,"column":12},"end":{"line":58,"column":13}},"type":"if","locations":[{"start":{"line":52,"column":12},"end":{"line":58,"column":13}},{"start":{"line":52,"column":12},"end":{"line":58,"column":13}}],"line":52},"9":{"loc":{"start":{"line":74,"column":7},"end":{"line":82,"column":7}},"type":"cond-expr","locations":[{"start":{"line":75,"column":8},"end":{"line":77,"column":15}},{"start":{"line":79,"column":8},"end":{"line":81,"column":15}}],"line":74}},"s":{"0":0,"1":0,"2":0,"3":0,"4":0,"5":0,"6":0,"7":0,"8":0,"9":0,"10":0,"11":0,"12":0,"13":0,"14":0,"15":0,"16":0,"17":0,"18":0,"19":0,"20":0,"21":0,"22":0,"23":0,"24":0,"25":0,"26":0,"27":0,"28":0,"29":0,"30":0,"31":0,"32":0,"33":0,"34":0,"35":0,"36":0,"37":0},"f":{"0":0,"1":0,"2":0,"3":0,"4":0,"5":0,"6":0,"7":0,"8":0},"b":{"0":[0,0],"1":[0,0],"2":[0,0],"3":[0,0],"4":[0,0],"5":[0,0],"6":[0,0],"7":[0,0],"8":[0,0],"9":[0,0]}}
,"C:\\Users\\treso\\Documents\\proj_int\\projet-Integration\\app\\Messenger\\contact.js": {"path":"C:\\Users\\treso\\Documents\\proj_int\\projet-Integration\\app\\Messenger\\contact.js","statementMap":{"0":{"start":{"line":11,"column":26},"end":{"line":11,"column":46}},"1":{"start":{"line":13,"column":30},"end":{"line":13,"column":52}},"2":{"start":{"line":14,"column":24},"end":{"line":14,"column":39}},"3":{"start":{"line":16,"column":23},"end":{"line":18,"column":3}},"4":{"start":{"line":17,"column":4},"end":{"line":17,"column":18}},"5":{"start":{"line":19,"column":27},"end":{"line":21,"column":3}},"6":{"start":{"line":20,"column":4},"end":{"line":20,"column":17}},"7":{"start":{"line":23,"column":2},"end":{"line":70,"column":4}},"8":{"start":{"line":51,"column":14},"end":{"line":51,"column":35}},"9":{"start":{"line":73,"column":15},"end":{"line":153,"column":2}}},"fnMap":{"0":{"name":"Contact","decl":{"start":{"line":9,"column":9},"end":{"line":9,"column":16}},"loc":{"start":{"line":9,"column":24},"end":{"line":71,"column":1}},"line":9},"1":{"name":"(anonymous_1)","decl":{"start":{"line":16,"column":23},"end":{"line":16,"column":24}},"loc":{"start":{"line":16,"column":29},"end":{"line":18,"column":3}},"line":16},"2":{"name":"(anonymous_2)","decl":{"start":{"line":19,"column":27},"end":{"line":19,"column":28}},"loc":{"start":{"line":19,"column":33},"end":{"line":21,"column":3}},"line":19},"3":{"name":"(anonymous_3)","decl":{"start":{"line":50,"column":21},"end":{"line":50,"column":22}},"loc":{"start":{"line":50,"column":27},"end":{"line":52,"column":13}},"line":50}},"branchMap":{"0":{"loc":{"start":{"line":46,"column":7},"end":{"line":67,"column":7}},"type":"cond-expr","locations":[{"start":{"line":47,"column":8},"end":{"line":64,"column":15}},{"start":{"line":66,"column":8},"end":{"line":66,"column":16}}],"line":46}},"s":{"0":1,"1":1,"2":1,"3":1,"4":0,"5":1,"6":0,"7":1,"8":0,"9":1},"f":{"0":1,"1":0,"2":0,"3":0},"b":{"0":[0,1]},"_coverageSchema":"1a1c01bbd47fc00a2c39e90264f33305004495a9","hash":"bc16b2a82d8ab42a120ae3d9b1dd68068c9e4dd4"}
,"C:\\Users\\treso\\Documents\\proj_int\\projet-Integration\\app\\Messenger\\contact_storage.js": {"path":"C:\\Users\\treso\\Documents\\proj_int\\projet-Integration\\app\\Messenger\\contact_storage.js","statementMap":{"0":{"start":{"line":4,"column":24},"end":{"line":14,"column":1}},"1":{"start":{"line":5,"column":4},"end":{"line":13,"column":9}},"2":{"start":{"line":6,"column":24},"end":{"line":6,"column":39}},"3":{"start":{"line":7,"column":8},"end":{"line":11,"column":9}},"4":{"start":{"line":7,"column":21},"end":{"line":7,"column":22}},"5":{"start":{"line":8,"column":10},"end":{"line":10,"column":11}},"6":{"start":{"line":9,"column":12},"end":{"line":9,"column":33}},"7":{"start":{"line":12,"column":8},"end":{"line":12,"column":65}}},"fnMap":{"0":{"name":"(anonymous_0)","decl":{"start":{"line":4,"column":24},"end":{"line":4,"column":25}},"loc":{"start":{"line":4,"column":38},"end":{"line":14,"column":1}},"line":4},"1":{"name":"(anonymous_1)","decl":{"start":{"line":5,"column":47},"end":{"line":5,"column":48}},"loc":{"start":{"line":5,"column":56},"end":{"line":13,"column":7}},"line":5}},"branchMap":{"0":{"loc":{"start":{"line":8,"column":10},"end":{"line":10,"column":11}},"type":"if","locations":[{"start":{"line":8,"column":10},"end":{"line":10,"column":11}},{"start":{"line":8,"column":10},"end":{"line":10,"column":11}}],"line":8}},"s":{"0":1,"1":0,"2":0,"3":0,"4":0,"5":0,"6":0,"7":0},"f":{"0":0,"1":0},"b":{"0":[0,0]},"_coverageSchema":"1a1c01bbd47fc00a2c39e90264f33305004495a9","hash":"8005356437726df7ba09874df4d8cec59c9fcf4c"}
,"C:\\Users\\treso\\Documents\\proj_int\\projet-Integration\\app\\Messenger\\components\\MaterialButtonShare.js": {"path":"C:\\Users\\treso\\Documents\\proj_int\\projet-Integration\\app\\Messenger\\components\\MaterialButtonShare.js","statementMap":{"0":{"start":{"line":9,"column":21},"end":{"line":9,"column":36}},"1":{"start":{"line":11,"column":2},"end":{"line":18,"column":4}},"2":{"start":{"line":14,"column":21},"end":{"line":14,"column":54}},"3":{"start":{"line":21,"column":15},"end":{"line":43,"column":2}}},"fnMap":{"0":{"name":"MaterialButtonShare","decl":{"start":{"line":8,"column":9},"end":{"line":8,"column":28}},"loc":{"start":{"line":8,"column":36},"end":{"line":19,"column":1}},"line":8},"1":{"name":"(anonymous_1)","decl":{"start":{"line":14,"column":15},"end":{"line":14,"column":16}},"loc":{"start":{"line":14,"column":21},"end":{"line":14,"column":54}},"line":14}},"branchMap":{"0":{"loc":{"start":{"line":16,"column":16},"end":{"line":16,"column":45}},"type":"binary-expr","locations":[{"start":{"line":16,"column":16},"end":{"line":16,"column":26}},{"start":{"line":16,"column":30},"end":{"line":16,"column":45}}],"line":16}},"s":{"0":0,"1":0,"2":0,"3":0},"f":{"0":0,"1":0},"b":{"0":[0,0]}}
,"C:\\Users\\treso\\Documents\\proj_int\\projet-Integration\\app\\Messenger\\components\\login.js": {"path":"C:\\Users\\treso\\Documents\\proj_int\\projet-Integration\\app\\Messenger\\components\\login.js","statementMap":{"0":{"start":{"line":9,"column":36},"end":{"line":9,"column":49}},"1":{"start":{"line":10,"column":36},"end":{"line":10,"column":49}},"2":{"start":{"line":11,"column":33},"end":{"line":11,"column":45}},"3":{"start":{"line":15,"column":19},"end":{"line":56,"column":3}},"4":{"start":{"line":19,"column":4},"end":{"line":33,"column":7}},"5":{"start":{"line":20,"column":21},"end":{"line":20,"column":35}},"6":{"start":{"line":22,"column":6},"end":{"line":22,"column":24}},"7":{"start":{"line":23,"column":19},"end":{"line":23,"column":30}},"8":{"start":{"line":24,"column":17},"end":{"line":24,"column":27}},"9":{"start":{"line":25,"column":21},"end":{"line":25,"column":40}},"10":{"start":{"line":26,"column":6},"end":{"line":26,"column":27}},"11":{"start":{"line":28,"column":19},"end":{"line":28,"column":39}},"12":{"start":{"line":29,"column":7},"end":{"line":29,"column":58}},"13":{"start":{"line":30,"column":7},"end":{"line":30,"column":71}},"14":{"start":{"line":57,"column":23},"end":{"line":59,"column":1}},"15":{"start":{"line":58,"column":2},"end":{"line":58,"column":34}},"16":{"start":{"line":60,"column":23},"end":{"line":62,"column":1}},"17":{"start":{"line":61,"column":2},"end":{"line":61,"column":34}},"18":{"start":{"line":64,"column":4},"end":{"line":84,"column":6}},"19":{"start":{"line":88,"column":15},"end":{"line":103,"column":2}}},"fnMap":{"0":{"name":"Login","decl":{"start":{"line":7,"column":24},"end":{"line":7,"column":29}},"loc":{"start":{"line":7,"column":38},"end":{"line":86,"column":1}},"line":7},"1":{"name":"(anonymous_1)","decl":{"start":{"line":15,"column":19},"end":{"line":15,"column":20}},"loc":{"start":{"line":15,"column":30},"end":{"line":56,"column":3}},"line":15},"2":{"name":"(anonymous_2)","decl":{"start":{"line":20,"column":10},"end":{"line":20,"column":11}},"loc":{"start":{"line":20,"column":21},"end":{"line":20,"column":35}},"line":20},"3":{"name":"(anonymous_3)","decl":{"start":{"line":21,"column":11},"end":{"line":21,"column":12}},"loc":{"start":{"line":21,"column":19},"end":{"line":33,"column":5}},"line":21},"4":{"name":"(anonymous_4)","decl":{"start":{"line":57,"column":23},"end":{"line":57,"column":24}},"loc":{"start":{"line":57,"column":34},"end":{"line":59,"column":1}},"line":57},"5":{"name":"(anonymous_5)","decl":{"start":{"line":60,"column":23},"end":{"line":60,"column":24}},"loc":{"start":{"line":60,"column":34},"end":{"line":62,"column":1}},"line":60}},"branchMap":{},"s":{"0":0,"1":0,"2":0,"3":0,"4":0,"5":0,"6":0,"7":0,"8":0,"9":0,"10":0,"11":0,"12":0,"13":0,"14":0,"15":0,"16":0,"17":0,"18":0,"19":0},"f":{"0":0,"1":0,"2":0,"3":0,"4":0,"5":0},"b":{}}
,"C:\\Users\\treso\\Documents\\proj_int\\projet-Integration\\app\\SignIn\\Form.js": {"path":"C:\\Users\\treso\\Documents\\proj_int\\projet-Integration\\app\\SignIn\\Form.js","statementMap":{"0":{"start":{"line":7,"column":4},"end":{"line":21,"column":6}},"1":{"start":{"line":25,"column":15},"end":{"line":41,"column":2}}},"fnMap":{"0":{"name":"(anonymous_0)","decl":{"start":{"line":6,"column":2},"end":{"line":6,"column":3}},"loc":{"start":{"line":6,"column":11},"end":{"line":22,"column":3}},"line":6}},"branchMap":{},"s":{"0":0,"1":0},"f":{"0":0},"b":{}}
,"C:\\Users\\treso\\Documents\\proj_int\\projet-Integration\\app\\demandeFormulaire\\Demande.js": {"path":"C:\\Users\\treso\\Documents\\proj_int\\projet-Integration\\app\\demandeFormulaire\\Demande.js","statementMap":{"0":{"start":{"line":8,"column":4},"end":{"line":17,"column":6}},"1":{"start":{"line":13,"column":61},"end":{"line":13,"column":82}},"2":{"start":{"line":22,"column":15},"end":{"line":64,"column":2}}},"fnMap":{"0":{"name":"(anonymous_0)","decl":{"start":{"line":7,"column":2},"end":{"line":7,"column":3}},"loc":{"start":{"line":7,"column":10},"end":{"line":18,"column":3}},"line":7},"1":{"name":"(anonymous_1)","decl":{"start":{"line":13,"column":55},"end":{"line":13,"column":56}},"loc":{"start":{"line":13,"column":61},"end":{"line":13,"column":82}},"line":13}},"branchMap":{},"s":{"0":0,"1":0,"2":0},"f":{"0":0,"1":0},"b":{}}
}
