{"C:\\Users\\treso\\Documents\\proj_int\\projet-Integration\\app\\App.js": {"path":"C:\\Users\\treso\\Documents\\proj_int\\projet-Integration\\app\\App.js","statementMap":{"0":{"start":{"line":7,"column":12},"end":{"line":9,"column":1}},"1":{"start":{"line":8,"column":3},"end":{"line":8,"column":10}},"2":{"start":{"line":11,"column":15},"end":{"line":13,"column":4}}},"fnMap":{"0":{"name":"(anonymous_0)","decl":{"start":{"line":7,"column":12},"end":{"line":7,"column":13}},"loc":{"start":{"line":8,"column":3},"end":{"line":8,"column":10}},"line":8}},"branchMap":{},"s":{"0":0,"1":0,"2":0},"f":{"0":0},"b":{}}
,"C:\\Users\\treso\\Documents\\proj_int\\projet-Integration\\app\\Homescreen\\HomeScreen.js": {"path":"C:\\Users\\treso\\Documents\\proj_int\\projet-Integration\\app\\Homescreen\\HomeScreen.js","statementMap":{"0":{"start":{"line":7,"column":2},"end":{"line":49,"column":4}},"1":{"start":{"line":24,"column":25},"end":{"line":24,"column":69}},"2":{"start":{"line":52,"column":15},"end":{"line":162,"column":2}}},"fnMap":{"0":{"name":"Mainscreen","decl":{"start":{"line":6,"column":9},"end":{"line":6,"column":19}},"loc":{"start":{"line":6,"column":27},"end":{"line":50,"column":1}},"line":6},"1":{"name":"(anonymous_1)","decl":{"start":{"line":24,"column":19},"end":{"line":24,"column":20}},"loc":{"start":{"line":24,"column":25},"end":{"line":24,"column":69}},"line":24}},"branchMap":{},"s":{"0":1,"1":0,"2":1},"f":{"0":1,"1":0},"b":{},"_coverageSchema":"1a1c01bbd47fc00a2c39e90264f33305004495a9","hash":"c9d1897d4f8aadddae8187053ad0de8620055038"}
}
